# JRE version: OpenJDK Runtime Environment (8.0_242-b01) (build 1.8.0_242-release-1644-b01)
# Java VM: OpenJDK 64-Bit Server VM (25.242-b01 mixed mode windows-amd64 compressed oops)
Heap:
 PSYoungGen      total 196608K, used 24096K [0x00000000d5580000, 0x00000000e3c80000, 0x0000000100000000)
  eden space 181760K, 11% used [0x00000000d5580000,0x00000000d69c8700,0x00000000e0700000)
  from space 14848K, 22% used [0x00000000e1b80000,0x00000000e1ebf938,0x00000000e2a00000)
  to   space 20992K, 0% used [0x00000000e0700000,0x00000000e0700000,0x00000000e1b80000)
 ParOldGen       total 33792K, used 33400K [0x0000000080000000, 0x0000000082100000, 0x00000000d5580000)
  object space 33792K, 98% used [0x0000000080000000,0x000000008209e380,0x0000000082100000)
 Metaspace       used 57946K, capacity 60090K, committed 60184K, reserved 1101824K
  class space    used 7964K, capacity 8462K, committed 8496K, reserved 1048576K
GC Heap History (10 events):
Event: 21.836 GC heap before
{Heap before GC invocations=13 (full 1):
 PSYoungGen      total 116736K, used 16854K [0x00000000d5580000, 0x00000000def00000, 0x0000000100000000)
  eden space 107008K, 8% used [0x00000000d5580000,0x00000000d5eb3f28,0x00000000dbe00000)
  from space 9728K, 76% used [0x00000000dbe00000,0x00000000dc541948,0x00000000dc780000)
  to   space 10240K, 0% used [0x00000000de500000,0x00000000de500000,0x00000000def00000)
 ParOldGen       total 26624K, used 14872K [0x0000000080000000, 0x0000000081a00000, 0x00000000d5580000)
  object space 26624K, 55% used [0x0000000080000000,0x0000000080e86108,0x0000000081a00000)
 Metaspace       used 34540K, capacity 35398K, committed 35496K, reserved 1079296K
  class space    used 4729K, capacity 4970K, committed 5040K, reserved 1048576K
Event: 21.866 GC heap after
Heap after GC invocations=13 (full 1):
 PSYoungGen      total 146432K, used 689K [0x00000000d5580000, 0x00000000e0880000, 0x0000000100000000)
  eden space 136192K, 0% used [0x00000000d5580000,0x00000000d5580000,0x00000000dda80000)
  from space 10240K, 6% used [0x00000000de500000,0x00000000de5ac588,0x00000000def00000)
  to   space 10752K, 0% used [0x00000000dda80000,0x00000000dda80000,0x00000000de500000)
 ParOldGen       total 26624K, used 17620K [0x0000000080000000, 0x0000000081a00000, 0x00000000d5580000)
  object space 26624K, 66% used [0x0000000080000000,0x0000000081135128,0x0000000081a00000)
 Metaspace       used 34540K, capacity 35398K, committed 35496K, reserved 1079296K
  class space    used 4729K, capacity 4970K, committed 5040K, reserved 1048576K
}
Event: 21.866 GC heap before
{Heap before GC invocations=14 (full 2):
 PSYoungGen      total 146432K, used 689K [0x00000000d5580000, 0x00000000e0880000, 0x0000000100000000)
  eden space 136192K, 0% used [0x00000000d5580000,0x00000000d5580000,0x00000000dda80000)
  from space 10240K, 6% used [0x00000000de500000,0x00000000de5ac588,0x00000000def00000)
  to   space 10752K, 0% used [0x00000000dda80000,0x00000000dda80000,0x00000000de500000)
 ParOldGen       total 26624K, used 17620K [0x0000000080000000, 0x0000000081a00000, 0x00000000d5580000)
  object space 26624K, 66% used [0x0000000080000000,0x0000000081135128,0x0000000081a00000)
 Metaspace       used 34540K, capacity 35398K, committed 35496K, reserved 1079296K
  class space    used 4729K, capacity 4970K, committed 5040K, reserved 1048576K
Event: 22.122 GC heap after
Heap after GC invocations=14 (full 2):
 PSYoungGen      total 146432K, used 0K [0x00000000d5580000, 0x00000000e0880000, 0x0000000100000000)
  eden space 136192K, 0% used [0x00000000d5580000,0x00000000d5580000,0x00000000dda80000)
  from space 10240K, 0% used [0x00000000de500000,0x00000000de500000,0x00000000def00000)
  to   space 10752K, 0% used [0x00000000dda80000,0x00000000dda80000,0x00000000de500000)
 ParOldGen       total 33792K, used 13579K [0x0000000080000000, 0x0000000082100000, 0x00000000d5580000)
  object space 33792K, 40% used [0x0000000080000000,0x0000000080d42de0,0x0000000082100000)
 Metaspace       used 34540K, capacity 35398K, committed 35496K, reserved 1079296K
  class space    used 4729K, capacity 4970K, committed 5040K, reserved 1048576K
}
Event: 29.189 GC heap before
{Heap before GC invocations=15 (full 2):
 PSYoungGen      total 146432K, used 136192K [0x00000000d5580000, 0x00000000e0880000, 0x0000000100000000)
  eden space 136192K, 100% used [0x00000000d5580000,0x00000000dda80000,0x00000000dda80000)
  from space 10240K, 0% used [0x00000000de500000,0x00000000de500000,0x00000000def00000)
  to   space 10752K, 0% used [0x00000000dda80000,0x00000000dda80000,0x00000000de500000)
 ParOldGen       total 33792K, used 13579K [0x0000000080000000, 0x0000000082100000, 0x00000000d5580000)
  object space 33792K, 40% used [0x0000000080000000,0x0000000080d42de0,0x0000000082100000)
 Metaspace       used 45646K, capacity 47074K, committed 47280K, reserved 1089536K
  class space    used 6156K, capacity 6515K, committed 6576K, reserved 1048576K
Event: 29.250 GC heap after
Heap after GC invocations=15 (full 2):
 PSYoungGen      total 146944K, used 10733K [0x00000000d5580000, 0x00000000e2a00000, 0x0000000100000000)
  eden space 136192K, 0% used [0x00000000d5580000,0x00000000d5580000,0x00000000dda80000)
  from space 10752K, 99% used [0x00000000dda80000,0x00000000de4fb518,0x00000000de500000)
  to   space 14848K, 0% used [0x00000000e1b80000,0x00000000e1b80000,0x00000000e2a00000)
 ParOldGen       total 33792K, used 19858K [0x0000000080000000, 0x0000000082100000, 0x00000000d5580000)
  object space 33792K, 58% used [0x0000000080000000,0x0000000081364b90,0x0000000082100000)
 Metaspace       used 45646K, capacity 47074K, committed 47280K, reserved 1089536K
  class space    used 6156K, capacity 6515K, committed 6576K, reserved 1048576K
}
Event: 38.491 GC heap before
{Heap before GC invocations=16 (full 2):
 PSYoungGen      total 146944K, used 146925K [0x00000000d5580000, 0x00000000e2a00000, 0x0000000100000000)
  eden space 136192K, 100% used [0x00000000d5580000,0x00000000dda80000,0x00000000dda80000)
  from space 10752K, 99% used [0x00000000dda80000,0x00000000de4fb518,0x00000000de500000)
  to   space 14848K, 0% used [0x00000000e1b80000,0x00000000e1b80000,0x00000000e2a00000)
 ParOldGen       total 33792K, used 19858K [0x0000000080000000, 0x0000000082100000, 0x00000000d5580000)
  object space 33792K, 58% used [0x0000000080000000,0x0000000081364b90,0x0000000082100000)
 Metaspace       used 57094K, capacity 59044K, committed 59160K, reserved 1099776K
  class space    used 7809K, capacity 8237K, committed 8240K, reserved 1048576K
Event: 39.601 GC heap after
Heap after GC invocations=16 (full 2):
 PSYoungGen      total 196608K, used 14842K [0x00000000d5580000, 0x00000000e3c80000, 0x0000000100000000)
  eden space 181760K, 0% used [0x00000000d5580000,0x00000000d5580000,0x00000000e0700000)
  from space 14848K, 99% used [0x00000000e1b80000,0x00000000e29fe9f0,0x00000000e2a00000)
  to   space 20992K, 0% used [0x00000000e0700000,0x00000000e0700000,0x00000000e1b80000)
 ParOldGen       total 33792K, used 30089K [0x0000000080000000, 0x0000000082100000, 0x00000000d5580000)
  object space 33792K, 89% used [0x0000000080000000,0x0000000081d62720,0x0000000082100000)
 Metaspace       used 57094K, capacity 59044K, committed 59160K, reserved 1099776K
  class space    used 7809K, capacity 8237K, committed 8240K, reserved 1048576K
}
Event: 39.601 GC heap before
{Heap before GC invocations=17 (full 3):
 PSYoungGen      total 196608K, used 14842K [0x00000000d5580000, 0x00000000e3c80000, 0x0000000100000000)
  eden space 181760K, 0% used [0x00000000d5580000,0x00000000d5580000,0x00000000e0700000)
  from space 14848K, 99% used [0x00000000e1b80000,0x00000000e29fe9f0,0x00000000e2a00000)
  to   space 20992K, 0% used [0x00000000e0700000,0x00000000e0700000,0x00000000e1b80000)
 ParOldGen       total 33792K, used 30089K [0x0000000080000000, 0x0000000082100000, 0x00000000d5580000)
  object space 33792K, 89% used [0x0000000080000000,0x0000000081d62720,0x0000000082100000)
 Metaspace       used 57094K, capacity 59044K, committed 59160K, reserved 1099776K
  class space    used 7809K, capacity 8237K, committed 8240K, reserved 1048576K
Event: 40.422 GC heap after
Heap after GC invocations=17 (full 3):
 PSYoungGen      total 196608K, used 3326K [0x00000000d5580000, 0x00000000e3c80000, 0x0000000100000000)
  eden space 181760K, 0% used [0x00000000d5580000,0x00000000d5580000,0x00000000e0700000)
  from space 14848K, 22% used [0x00000000e1b80000,0x00000000e1ebf938,0x00000000e2a00000)
  to   space 20992K, 0% used [0x00000000e0700000,0x00000000e0700000,0x00000000e1b80000)
 ParOldGen       total 33792K, used 33400K [0x0000000080000000, 0x0000000082100000, 0x00000000d5580000)
  object space 33792K, 98% used [0x0000000080000000,0x000000008209e380,0x0000000082100000)
 Metaspace       used 57090K, capacity 59032K, committed 59160K, reserved 1099776K
  class space    used 7808K, capacity 8235K, committed 8240K, reserved 1048576K
}

