# JRE version: OpenJDK Runtime Environment (8.0_242-b01) (build 1.8.0_242-release-1644-b01)
# Java VM: OpenJDK 64-Bit Server VM (25.242-b01 mixed mode windows-amd64 compressed oops)
Heap:
 PSYoungGen      total 250368K, used 44556K [0x00000000d5580000, 0x00000000e8200000, 0x0000000100000000)
  eden space 219648K, 20% used [0x00000000d5580000,0x00000000d8103318,0x00000000e2c00000)
  from space 30720K, 0% used [0x00000000e2c00000,0x00000000e2c00000,0x00000000e4a00000)
  to   space 31232K, 0% used [0x00000000e6380000,0x00000000e6380000,0x00000000e8200000)
 ParOldGen       total 108544K, used 63027K [0x0000000080000000, 0x0000000086a00000, 0x00000000d5580000)
  object space 108544K, 58% used [0x0000000080000000,0x0000000083d8cf68,0x0000000086a00000)
 Metaspace       used 85029K, capacity 88788K, committed 88984K, reserved 1126400K
  class space    used 11299K, capacity 12085K, committed 12208K, reserved 1048576K
GC Heap History (10 events):
Event: 33.043 GC heap before
{Heap before GC invocations=17 (full 3):
 PSYoungGen      total 198144K, used 14842K [0x00000000d5580000, 0x00000000e3780000, 0x0000000100000000)
  eden space 183296K, 0% used [0x00000000d5580000,0x00000000d5580000,0x00000000e0880000)
  from space 14848K, 99% used [0x00000000e1d00000,0x00000000e2b7e910,0x00000000e2b80000)
  to   space 20992K, 0% used [0x00000000e0880000,0x00000000e0880000,0x00000000e1d00000)
 ParOldGen       total 33792K, used 30183K [0x0000000080000000, 0x0000000082100000, 0x00000000d5580000)
  object space 33792K, 89% used [0x0000000080000000,0x0000000081d79fb0,0x0000000082100000)
 Metaspace       used 57072K, capacity 59052K, committed 59160K, reserved 1099776K
  class space    used 7810K, capacity 8237K, committed 8240K, reserved 1048576K
Event: 35.985 GC heap after
Heap after GC invocations=17 (full 3):
 PSYoungGen      total 198144K, used 2371K [0x00000000d5580000, 0x00000000e3780000, 0x0000000100000000)
  eden space 183296K, 0% used [0x00000000d5580000,0x00000000d5580000,0x00000000e0880000)
  from space 14848K, 15% used [0x00000000e1d00000,0x00000000e1f50d00,0x00000000e2b80000)
  to   space 20992K, 0% used [0x00000000e0880000,0x00000000e0880000,0x00000000e1d00000)
 ParOldGen       total 62976K, used 33775K [0x0000000080000000, 0x0000000083d80000, 0x00000000d5580000)
  object space 62976K, 53% used [0x0000000080000000,0x00000000820fbf70,0x0000000083d80000)
 Metaspace       used 57068K, capacity 59040K, committed 59160K, reserved 1099776K
  class space    used 7809K, capacity 8235K, committed 8240K, reserved 1048576K
}
Event: 54.526 GC heap before
{Heap before GC invocations=18 (full 3):
 PSYoungGen      total 198144K, used 185667K [0x00000000d5580000, 0x00000000e3780000, 0x0000000100000000)
  eden space 183296K, 100% used [0x00000000d5580000,0x00000000e0880000,0x00000000e0880000)
  from space 14848K, 15% used [0x00000000e1d00000,0x00000000e1f50d00,0x00000000e2b80000)
  to   space 20992K, 0% used [0x00000000e0880000,0x00000000e0880000,0x00000000e1d00000)
 ParOldGen       total 62976K, used 33775K [0x0000000080000000, 0x0000000083d80000, 0x00000000d5580000)
  object space 62976K, 53% used [0x0000000080000000,0x00000000820fbf70,0x0000000083d80000)
 Metaspace       used 61907K, capacity 64456K, committed 64664K, reserved 1105920K
  class space    used 8484K, capacity 9049K, committed 9136K, reserved 1048576K
Event: 54.836 GC heap after
Heap after GC invocations=18 (full 3):
 PSYoungGen      total 204288K, used 16934K [0x00000000d5580000, 0x00000000e6100000, 0x0000000100000000)
  eden space 183296K, 0% used [0x00000000d5580000,0x00000000d5580000,0x00000000e0880000)
  from space 20992K, 80% used [0x00000000e0880000,0x00000000e1909ba0,0x00000000e1d00000)
  to   space 23552K, 0% used [0x00000000e4a00000,0x00000000e4a00000,0x00000000e6100000)
 ParOldGen       total 62976K, used 36298K [0x0000000080000000, 0x0000000083d80000, 0x00000000d5580000)
  object space 62976K, 57% used [0x0000000080000000,0x00000000823729f0,0x0000000083d80000)
 Metaspace       used 61907K, capacity 64456K, committed 64664K, reserved 1105920K
  class space    used 8484K, capacity 9049K, committed 9136K, reserved 1048576K
}
Event: 94.737 GC heap before
{Heap before GC invocations=19 (full 3):
 PSYoungGen      total 204288K, used 200230K [0x00000000d5580000, 0x00000000e6100000, 0x0000000100000000)
  eden space 183296K, 100% used [0x00000000d5580000,0x00000000e0880000,0x00000000e0880000)
  from space 20992K, 80% used [0x00000000e0880000,0x00000000e1909ba0,0x00000000e1d00000)
  to   space 23552K, 0% used [0x00000000e4a00000,0x00000000e4a00000,0x00000000e6100000)
 ParOldGen       total 62976K, used 36298K [0x0000000080000000, 0x0000000083d80000, 0x00000000d5580000)
  object space 62976K, 57% used [0x0000000080000000,0x00000000823729f0,0x0000000083d80000)
 Metaspace       used 71347K, capacity 74140K, committed 74264K, reserved 1114112K
  class space    used 9408K, capacity 9995K, committed 10032K, reserved 1048576K
Event: 94.877 GC heap after
Heap after GC invocations=19 (full 3):
 PSYoungGen      total 243200K, used 23544K [0x00000000d5580000, 0x00000000e6880000, 0x0000000100000000)
  eden space 219648K, 0% used [0x00000000d5580000,0x00000000d5580000,0x00000000e2c00000)
  from space 23552K, 99% used [0x00000000e4a00000,0x00000000e60fe088,0x00000000e6100000)
  to   space 30720K, 0% used [0x00000000e2c00000,0x00000000e2c00000,0x00000000e4a00000)
 ParOldGen       total 62976K, used 44546K [0x0000000080000000, 0x0000000083d80000, 0x00000000d5580000)
  object space 62976K, 70% used [0x0000000080000000,0x0000000082b80888,0x0000000083d80000)
 Metaspace       used 71347K, capacity 74140K, committed 74264K, reserved 1114112K
  class space    used 9408K, capacity 9995K, committed 10032K, reserved 1048576K
}
Event: 111.728 GC heap before
{Heap before GC invocations=20 (full 3):
 PSYoungGen      total 243200K, used 243192K [0x00000000d5580000, 0x00000000e6880000, 0x0000000100000000)
  eden space 219648K, 100% used [0x00000000d5580000,0x00000000e2c00000,0x00000000e2c00000)
  from space 23552K, 99% used [0x00000000e4a00000,0x00000000e60fe088,0x00000000e6100000)
  to   space 30720K, 0% used [0x00000000e2c00000,0x00000000e2c00000,0x00000000e4a00000)
 ParOldGen       total 62976K, used 44546K [0x0000000080000000, 0x0000000083d80000, 0x00000000d5580000)
  object space 62976K, 70% used [0x0000000080000000,0x0000000082b80888,0x0000000083d80000)
 Metaspace       used 83152K, capacity 86808K, committed 86936K, reserved 1124352K
  class space    used 11048K, capacity 11837K, committed 11952K, reserved 1048576K
Event: 111.912 GC heap after
Heap after GC invocations=20 (full 3):
 PSYoungGen      total 250368K, used 17182K [0x00000000d5580000, 0x00000000e8200000, 0x0000000100000000)
  eden space 219648K, 0% used [0x00000000d5580000,0x00000000d5580000,0x00000000e2c00000)
  from space 30720K, 55% used [0x00000000e2c00000,0x00000000e3cc7a78,0x00000000e4a00000)
  to   space 31232K, 0% used [0x00000000e6380000,0x00000000e6380000,0x00000000e8200000)
 ParOldGen       total 67584K, used 67351K [0x0000000080000000, 0x0000000084200000, 0x00000000d5580000)
  object space 67584K, 99% used [0x0000000080000000,0x00000000841c5f88,0x0000000084200000)
 Metaspace       used 83152K, capacity 86808K, committed 86936K, reserved 1124352K
  class space    used 11048K, capacity 11837K, committed 11952K, reserved 1048576K
}
Event: 111.916 GC heap before
{Heap before GC invocations=21 (full 4):
 PSYoungGen      total 250368K, used 17182K [0x00000000d5580000, 0x00000000e8200000, 0x0000000100000000)
  eden space 219648K, 0% used [0x00000000d5580000,0x00000000d5580000,0x00000000e2c00000)
  from space 30720K, 55% used [0x00000000e2c00000,0x00000000e3cc7a78,0x00000000e4a00000)
  to   space 31232K, 0% used [0x00000000e6380000,0x00000000e6380000,0x00000000e8200000)
 ParOldGen       total 67584K, used 67351K [0x0000000080000000, 0x0000000084200000, 0x00000000d5580000)
  object space 67584K, 99% used [0x0000000080000000,0x00000000841c5f88,0x0000000084200000)
 Metaspace       used 83152K, capacity 86808K, committed 86936K, reserved 1124352K
  class space    used 11048K, capacity 11837K, committed 11952K, reserved 1048576K
Event: 113.689 GC heap after
Heap after GC invocations=21 (full 4):
 PSYoungGen      total 250368K, used 0K [0x00000000d5580000, 0x00000000e8200000, 0x0000000100000000)
  eden space 219648K, 0% used [0x00000000d5580000,0x00000000d5580000,0x00000000e2c00000)
  from space 30720K, 0% used [0x00000000e2c00000,0x00000000e2c00000,0x00000000e4a00000)
  to   space 31232K, 0% used [0x00000000e6380000,0x00000000e6380000,0x00000000e8200000)
 ParOldGen       total 108544K, used 63027K [0x0000000080000000, 0x0000000086a00000, 0x00000000d5580000)
  object space 108544K, 58% used [0x0000000080000000,0x0000000083d8cf68,0x0000000086a00000)
 Metaspace       used 83150K, capacity 86802K, committed 86936K, reserved 1124352K
  class space    used 11047K, capacity 11836K, committed 11952K, reserved 1048576K
}

