# JRE version: OpenJDK Runtime Environment (8.0_242-b01) (build 1.8.0_242-release-1644-b01)
# Java VM: OpenJDK 64-Bit Server VM (25.242-b01 mixed mode windows-amd64 compressed oops)
Heap:
 PSYoungGen      total 292864K, used 45899K [0x00000000d5580000, 0x00000000eba80000, 0x0000000100000000)
  eden space 271872K, 9% used [0x00000000d5580000,0x00000000d6dd5858,0x00000000e5f00000)
  from space 20992K, 99% used [0x00000000e5f00000,0x00000000e737d590,0x00000000e7380000)
  to   space 25088K, 0% used [0x00000000ea200000,0x00000000ea200000,0x00000000eba80000)
 ParOldGen       total 59904K, used 45884K [0x0000000080000000, 0x0000000083a80000, 0x00000000d5580000)
  object space 59904K, 76% used [0x0000000080000000,0x0000000082ccf1d8,0x0000000083a80000)
 Metaspace       used 85321K, capacity 88962K, committed 89112K, reserved 1126400K
  class space    used 11318K, capacity 12058K, committed 12080K, reserved 1048576K
GC Heap History (10 events):
Event: 32.591 GC heap before
{Heap before GC invocations=18 (full 3):
 PSYoungGen      total 189440K, used 1965K [0x00000000d5580000, 0x00000000e6380000, 0x0000000100000000)
  eden space 171520K, 0% used [0x00000000d5580000,0x00000000d5580000,0x00000000dfd00000)
  from space 17920K, 10% used [0x00000000dfd00000,0x00000000dfeeb600,0x00000000e0e80000)
  to   space 17408K, 0% used [0x00000000e5280000,0x00000000e5280000,0x00000000e6380000)
 ParOldGen       total 35840K, used 33881K [0x0000000080000000, 0x0000000082300000, 0x00000000d5580000)
  object space 35840K, 94% used [0x0000000080000000,0x00000000821166e0,0x0000000082300000)
 Metaspace       used 57111K, capacity 59036K, committed 59160K, reserved 1099776K
  class space    used 7807K, capacity 8235K, committed 8240K, reserved 1048576K
Event: 33.134 GC heap after
Heap after GC invocations=18 (full 3):
 PSYoungGen      total 189440K, used 0K [0x00000000d5580000, 0x00000000e6380000, 0x0000000100000000)
  eden space 171520K, 0% used [0x00000000d5580000,0x00000000d5580000,0x00000000dfd00000)
  from space 17920K, 0% used [0x00000000dfd00000,0x00000000dfd00000,0x00000000e0e80000)
  to   space 17408K, 0% used [0x00000000e5280000,0x00000000e5280000,0x00000000e6380000)
 ParOldGen       total 59904K, used 29860K [0x0000000080000000, 0x0000000083a80000, 0x00000000d5580000)
  object space 59904K, 49% used [0x0000000080000000,0x0000000081d29150,0x0000000083a80000)
 Metaspace       used 57111K, capacity 59036K, committed 59160K, reserved 1099776K
  class space    used 7807K, capacity 8235K, committed 8240K, reserved 1048576K
}
Event: 42.074 GC heap before
{Heap before GC invocations=19 (full 3):
 PSYoungGen      total 189440K, used 171520K [0x00000000d5580000, 0x00000000e6380000, 0x0000000100000000)
  eden space 171520K, 100% used [0x00000000d5580000,0x00000000dfd00000,0x00000000dfd00000)
  from space 17920K, 0% used [0x00000000dfd00000,0x00000000dfd00000,0x00000000e0e80000)
  to   space 17408K, 0% used [0x00000000e5280000,0x00000000e5280000,0x00000000e6380000)
 ParOldGen       total 59904K, used 29860K [0x0000000080000000, 0x0000000083a80000, 0x00000000d5580000)
  object space 59904K, 49% used [0x0000000080000000,0x0000000081d29150,0x0000000083a80000)
 Metaspace       used 61349K, capacity 63796K, committed 64024K, reserved 1103872K
  class space    used 8381K, capacity 8911K, committed 9008K, reserved 1048576K
Event: 42.141 GC heap after
Heap after GC invocations=19 (full 3):
 PSYoungGen      total 245248K, used 16510K [0x00000000d5580000, 0x00000000e6300000, 0x0000000100000000)
  eden space 228352K, 0% used [0x00000000d5580000,0x00000000d5580000,0x00000000e3480000)
  from space 16896K, 97% used [0x00000000e5280000,0x00000000e629fb80,0x00000000e6300000)
  to   space 20480K, 0% used [0x00000000e3b00000,0x00000000e3b00000,0x00000000e4f00000)
 ParOldGen       total 59904K, used 29868K [0x0000000080000000, 0x0000000083a80000, 0x00000000d5580000)
  object space 59904K, 49% used [0x0000000080000000,0x0000000081d2b150,0x0000000083a80000)
 Metaspace       used 61349K, capacity 63796K, committed 64024K, reserved 1103872K
  class space    used 8381K, capacity 8911K, committed 9008K, reserved 1048576K
}
Event: 54.736 GC heap before
{Heap before GC invocations=20 (full 3):
 PSYoungGen      total 245248K, used 244862K [0x00000000d5580000, 0x00000000e6300000, 0x0000000100000000)
  eden space 228352K, 100% used [0x00000000d5580000,0x00000000e3480000,0x00000000e3480000)
  from space 16896K, 97% used [0x00000000e5280000,0x00000000e629fb80,0x00000000e6300000)
  to   space 20480K, 0% used [0x00000000e3b00000,0x00000000e3b00000,0x00000000e4f00000)
 ParOldGen       total 59904K, used 29868K [0x0000000080000000, 0x0000000083a80000, 0x00000000d5580000)
  object space 59904K, 49% used [0x0000000080000000,0x0000000081d2b150,0x0000000083a80000)
 Metaspace       used 63951K, capacity 66530K, committed 66584K, reserved 1105920K
  class space    used 8656K, capacity 9226K, committed 9264K, reserved 1048576K
Event: 54.801 GC heap after
Heap after GC invocations=20 (full 3):
 PSYoungGen      total 255488K, used 2706K [0x00000000d5580000, 0x00000000e8680000, 0x0000000100000000)
  eden space 235008K, 0% used [0x00000000d5580000,0x00000000d5580000,0x00000000e3b00000)
  from space 20480K, 13% used [0x00000000e3b00000,0x00000000e3da4930,0x00000000e4f00000)
  to   space 19456K, 0% used [0x00000000e7380000,0x00000000e7380000,0x00000000e8680000)
 ParOldGen       total 59904K, used 43891K [0x0000000080000000, 0x0000000083a80000, 0x00000000d5580000)
  object space 59904K, 73% used [0x0000000080000000,0x0000000082adcc98,0x0000000083a80000)
 Metaspace       used 63951K, capacity 66530K, committed 66584K, reserved 1105920K
  class space    used 8656K, capacity 9226K, committed 9264K, reserved 1048576K
}
Event: 71.735 GC heap before
{Heap before GC invocations=21 (full 3):
 PSYoungGen      total 255488K, used 237714K [0x00000000d5580000, 0x00000000e8680000, 0x0000000100000000)
  eden space 235008K, 100% used [0x00000000d5580000,0x00000000e3b00000,0x00000000e3b00000)
  from space 20480K, 13% used [0x00000000e3b00000,0x00000000e3da4930,0x00000000e4f00000)
  to   space 19456K, 0% used [0x00000000e7380000,0x00000000e7380000,0x00000000e8680000)
 ParOldGen       total 59904K, used 43891K [0x0000000080000000, 0x0000000083a80000, 0x00000000d5580000)
  object space 59904K, 73% used [0x0000000080000000,0x0000000082adcc98,0x0000000083a80000)
 Metaspace       used 70000K, capacity 72788K, committed 72984K, reserved 1112064K
  class space    used 9371K, capacity 9947K, committed 10032K, reserved 1048576K
Event: 71.816 GC heap after
Heap after GC invocations=21 (full 3):
 PSYoungGen      total 291328K, used 13045K [0x00000000d5580000, 0x00000000e8c00000, 0x0000000100000000)
  eden space 271872K, 0% used [0x00000000d5580000,0x00000000d5580000,0x00000000e5f00000)
  from space 19456K, 67% used [0x00000000e7380000,0x00000000e803d7c8,0x00000000e8680000)
  to   space 20992K, 0% used [0x00000000e5f00000,0x00000000e5f00000,0x00000000e7380000)
 ParOldGen       total 59904K, used 44891K [0x0000000080000000, 0x0000000083a80000, 0x00000000d5580000)
  object space 59904K, 74% used [0x0000000080000000,0x0000000082bd6ef0,0x0000000083a80000)
 Metaspace       used 70000K, capacity 72788K, committed 72984K, reserved 1112064K
  class space    used 9371K, capacity 9947K, committed 10032K, reserved 1048576K
}
Event: 86.294 GC heap before
{Heap before GC invocations=22 (full 3):
 PSYoungGen      total 291328K, used 284917K [0x00000000d5580000, 0x00000000e8c00000, 0x0000000100000000)
  eden space 271872K, 100% used [0x00000000d5580000,0x00000000e5f00000,0x00000000e5f00000)
  from space 19456K, 67% used [0x00000000e7380000,0x00000000e803d7c8,0x00000000e8680000)
  to   space 20992K, 0% used [0x00000000e5f00000,0x00000000e5f00000,0x00000000e7380000)
 ParOldGen       total 59904K, used 44891K [0x0000000080000000, 0x0000000083a80000, 0x00000000d5580000)
  object space 59904K, 74% used [0x0000000080000000,0x0000000082bd6ef0,0x0000000083a80000)
 Metaspace       used 84995K, capacity 88540K, committed 88856K, reserved 1126400K
  class space    used 11263K, capacity 11983K, committed 12080K, reserved 1048576K
Event: 86.442 GC heap after
Heap after GC invocations=22 (full 3):
 PSYoungGen      total 292864K, used 20981K [0x00000000d5580000, 0x00000000eba80000, 0x0000000100000000)
  eden space 271872K, 0% used [0x00000000d5580000,0x00000000d5580000,0x00000000e5f00000)
  from space 20992K, 99% used [0x00000000e5f00000,0x00000000e737d590,0x00000000e7380000)
  to   space 25088K, 0% used [0x00000000ea200000,0x00000000ea200000,0x00000000eba80000)
 ParOldGen       total 59904K, used 45884K [0x0000000080000000, 0x0000000083a80000, 0x00000000d5580000)
  object space 59904K, 76% used [0x0000000080000000,0x0000000082ccf1d8,0x0000000083a80000)
 Metaspace       used 84995K, capacity 88540K, committed 88856K, reserved 1126400K
  class space    used 11263K, capacity 11983K, committed 12080K, reserved 1048576K
}

