# JRE version: OpenJDK Runtime Environment (8.0_242-b01) (build 1.8.0_242-release-1644-b01)
# Java VM: OpenJDK 64-Bit Server VM (25.242-b01 mixed mode windows-amd64 compressed oops)
Heap:
 PSYoungGen      total 150528K, used 46549K [0x00000000d5580000, 0x00000000e0080000, 0x0000000100000000)
  eden space 139264K, 33% used [0x00000000d5580000,0x00000000d82f5690,0x00000000ddd80000)
  from space 11264K, 0% used [0x00000000ddd80000,0x00000000ddd80000,0x00000000de880000)
  to   space 11264K, 0% used [0x00000000de880000,0x00000000de880000,0x00000000df380000)
 ParOldGen       total 38400K, used 31904K [0x0000000080000000, 0x0000000082580000, 0x00000000d5580000)
  object space 38400K, 83% used [0x0000000080000000,0x0000000081f28050,0x0000000082580000)
 Metaspace       used 58792K, capacity 60976K, committed 61336K, reserved 1101824K
  class space    used 8013K, capacity 8510K, committed 8616K, reserved 1048576K
GC Heap History (10 events):
Event: 23.748 GC heap before
{Heap before GC invocations=14 (full 2):
 PSYoungGen      total 150528K, used 816K [0x00000000d5580000, 0x00000000e0080000, 0x0000000100000000)
  eden space 139264K, 0% used [0x00000000d5580000,0x00000000d5580000,0x00000000ddd80000)
  from space 11264K, 7% used [0x00000000de880000,0x00000000de94c0a8,0x00000000df380000)
  to   space 11264K, 0% used [0x00000000ddd80000,0x00000000ddd80000,0x00000000de880000)
 ParOldGen       total 27648K, used 20357K [0x0000000080000000, 0x0000000081b00000, 0x00000000d5580000)
  object space 27648K, 73% used [0x0000000080000000,0x00000000813e16a0,0x0000000081b00000)
 Metaspace       used 34441K, capacity 35410K, committed 35496K, reserved 1079296K
  class space    used 4694K, capacity 4974K, committed 5032K, reserved 1048576K
Event: 24.049 GC heap after
Heap after GC invocations=14 (full 2):
 PSYoungGen      total 150528K, used 0K [0x00000000d5580000, 0x00000000e0080000, 0x0000000100000000)
  eden space 139264K, 0% used [0x00000000d5580000,0x00000000d5580000,0x00000000ddd80000)
  from space 11264K, 0% used [0x00000000de880000,0x00000000de880000,0x00000000df380000)
  to   space 11264K, 0% used [0x00000000ddd80000,0x00000000ddd80000,0x00000000de880000)
 ParOldGen       total 38400K, used 15819K [0x0000000080000000, 0x0000000082580000, 0x00000000d5580000)
  object space 38400K, 41% used [0x0000000080000000,0x0000000080f72e10,0x0000000082580000)
 Metaspace       used 34441K, capacity 35410K, committed 35496K, reserved 1079296K
  class space    used 4694K, capacity 4974K, committed 5032K, reserved 1048576K
}
Event: 33.079 GC heap before
{Heap before GC invocations=15 (full 2):
 PSYoungGen      total 150528K, used 139264K [0x00000000d5580000, 0x00000000e0080000, 0x0000000100000000)
  eden space 139264K, 100% used [0x00000000d5580000,0x00000000ddd80000,0x00000000ddd80000)
  from space 11264K, 0% used [0x00000000de880000,0x00000000de880000,0x00000000df380000)
  to   space 11264K, 0% used [0x00000000ddd80000,0x00000000ddd80000,0x00000000de880000)
 ParOldGen       total 38400K, used 15819K [0x0000000080000000, 0x0000000082580000, 0x00000000d5580000)
  object space 38400K, 41% used [0x0000000080000000,0x0000000080f72e10,0x0000000082580000)
 Metaspace       used 44682K, capacity 46300K, committed 46504K, reserved 1089536K
  class space    used 6082K, capacity 6459K, committed 6568K, reserved 1048576K
Event: 33.144 GC heap after
Heap after GC invocations=15 (full 2):
 PSYoungGen      total 150528K, used 11246K [0x00000000d5580000, 0x00000000e0080000, 0x0000000100000000)
  eden space 139264K, 0% used [0x00000000d5580000,0x00000000d5580000,0x00000000ddd80000)
  from space 11264K, 99% used [0x00000000ddd80000,0x00000000de87b888,0x00000000de880000)
  to   space 11264K, 0% used [0x00000000de880000,0x00000000de880000,0x00000000df380000)
 ParOldGen       total 38400K, used 18177K [0x0000000080000000, 0x0000000082580000, 0x00000000d5580000)
  object space 38400K, 47% used [0x0000000080000000,0x00000000811c0740,0x0000000082580000)
 Metaspace       used 44682K, capacity 46300K, committed 46504K, reserved 1089536K
  class space    used 6082K, capacity 6459K, committed 6568K, reserved 1048576K
}
Event: 41.174 GC heap before
{Heap before GC invocations=16 (full 2):
 PSYoungGen      total 150528K, used 150510K [0x00000000d5580000, 0x00000000e0080000, 0x0000000100000000)
  eden space 139264K, 100% used [0x00000000d5580000,0x00000000ddd80000,0x00000000ddd80000)
  from space 11264K, 99% used [0x00000000ddd80000,0x00000000de87b888,0x00000000de880000)
  to   space 11264K, 0% used [0x00000000de880000,0x00000000de880000,0x00000000df380000)
 ParOldGen       total 38400K, used 18177K [0x0000000080000000, 0x0000000082580000, 0x00000000d5580000)
  object space 38400K, 47% used [0x0000000080000000,0x00000000811c0740,0x0000000082580000)
 Metaspace       used 55494K, capacity 57464K, committed 57768K, reserved 1099776K
  class space    used 7567K, capacity 7987K, committed 8104K, reserved 1048576K
Event: 41.255 GC heap after
Heap after GC invocations=16 (full 2):
 PSYoungGen      total 150528K, used 11241K [0x00000000d5580000, 0x00000000e0080000, 0x0000000100000000)
  eden space 139264K, 0% used [0x00000000d5580000,0x00000000d5580000,0x00000000ddd80000)
  from space 11264K, 99% used [0x00000000de880000,0x00000000df37a4d8,0x00000000df380000)
  to   space 11264K, 0% used [0x00000000ddd80000,0x00000000ddd80000,0x00000000de880000)
 ParOldGen       total 38400K, used 28856K [0x0000000080000000, 0x0000000082580000, 0x00000000d5580000)
  object space 38400K, 75% used [0x0000000080000000,0x0000000081c2e210,0x0000000082580000)
 Metaspace       used 55494K, capacity 57464K, committed 57768K, reserved 1099776K
  class space    used 7567K, capacity 7987K, committed 8104K, reserved 1048576K
}
Event: 42.585 GC heap before
{Heap before GC invocations=17 (full 2):
 PSYoungGen      total 150528K, used 41018K [0x00000000d5580000, 0x00000000e0080000, 0x0000000100000000)
  eden space 139264K, 21% used [0x00000000d5580000,0x00000000d7294428,0x00000000ddd80000)
  from space 11264K, 99% used [0x00000000de880000,0x00000000df37a4d8,0x00000000df380000)
  to   space 11264K, 0% used [0x00000000ddd80000,0x00000000ddd80000,0x00000000de880000)
 ParOldGen       total 38400K, used 28856K [0x0000000080000000, 0x0000000082580000, 0x00000000d5580000)
  object space 38400K, 75% used [0x0000000080000000,0x0000000081c2e210,0x0000000082580000)
 Metaspace       used 56954K, capacity 59078K, committed 59160K, reserved 1099776K
  class space    used 7745K, capacity 8221K, committed 8232K, reserved 1048576K
Event: 42.639 GC heap after
Heap after GC invocations=17 (full 2):
 PSYoungGen      total 150528K, used 2046K [0x00000000d5580000, 0x00000000e0080000, 0x0000000100000000)
  eden space 139264K, 0% used [0x00000000d5580000,0x00000000d5580000,0x00000000ddd80000)
  from space 11264K, 18% used [0x00000000ddd80000,0x00000000ddf7fb60,0x00000000de880000)
  to   space 11264K, 0% used [0x00000000de880000,0x00000000de880000,0x00000000df380000)
 ParOldGen       total 38400K, used 38004K [0x0000000080000000, 0x0000000082580000, 0x00000000d5580000)
  object space 38400K, 98% used [0x0000000080000000,0x000000008251d3d0,0x0000000082580000)
 Metaspace       used 56954K, capacity 59078K, committed 59160K, reserved 1099776K
  class space    used 7745K, capacity 8221K, committed 8232K, reserved 1048576K
}
Event: 42.639 GC heap before
{Heap before GC invocations=18 (full 3):
 PSYoungGen      total 150528K, used 2046K [0x00000000d5580000, 0x00000000e0080000, 0x0000000100000000)
  eden space 139264K, 0% used [0x00000000d5580000,0x00000000d5580000,0x00000000ddd80000)
  from space 11264K, 18% used [0x00000000ddd80000,0x00000000ddf7fb60,0x00000000de880000)
  to   space 11264K, 0% used [0x00000000de880000,0x00000000de880000,0x00000000df380000)
 ParOldGen       total 38400K, used 38004K [0x0000000080000000, 0x0000000082580000, 0x00000000d5580000)
  object space 38400K, 98% used [0x0000000080000000,0x000000008251d3d0,0x0000000082580000)
 Metaspace       used 56954K, capacity 59078K, committed 59160K, reserved 1099776K
  class space    used 7745K, capacity 8221K, committed 8232K, reserved 1048576K
Event: 44.031 GC heap after
Heap after GC invocations=18 (full 3):
 PSYoungGen      total 150528K, used 0K [0x00000000d5580000, 0x00000000e0080000, 0x0000000100000000)
  eden space 139264K, 0% used [0x00000000d5580000,0x00000000d5580000,0x00000000ddd80000)
  from space 11264K, 0% used [0x00000000ddd80000,0x00000000ddd80000,0x00000000de880000)
  to   space 11264K, 0% used [0x00000000de880000,0x00000000de880000,0x00000000df380000)
 ParOldGen       total 38400K, used 31904K [0x0000000080000000, 0x0000000082580000, 0x00000000d5580000)
  object space 38400K, 83% used [0x0000000080000000,0x0000000081f28050,0x0000000082580000)
 Metaspace       used 56954K, capacity 59078K, committed 59160K, reserved 1099776K
  class space    used 7745K, capacity 8221K, committed 8232K, reserved 1048576K
}

