# JRE version: OpenJDK Runtime Environment (8.0_242-b01) (build 1.8.0_242-release-1644-b01)
# Java VM: OpenJDK 64-Bit Server VM (25.242-b01 mixed mode windows-amd64 compressed oops)
Heap:
 PSYoungGen      total 236544K, used 176904K [0x00000000d5580000, 0x00000000e9880000, 0x0000000100000000)
  eden space 209408K, 71% used [0x00000000d5580000,0x00000000de7c8880,0x00000000e2200000)
  from space 27136K, 99% used [0x00000000e2200000,0x00000000e3c79838,0x00000000e3c80000)
  to   space 32768K, 0% used [0x00000000e7880000,0x00000000e7880000,0x00000000e9880000)
 ParOldGen       total 101888K, used 49523K [0x0000000080000000, 0x0000000086380000, 0x00000000d5580000)
  object space 101888K, 48% used [0x0000000080000000,0x000000008305cc38,0x0000000086380000)
 Metaspace       used 92954K, capacity 96632K, committed 97304K, reserved 1134592K
  class space    used 12223K, capacity 13006K, committed 13096K, reserved 1048576K
GC Heap History (10 events):
Event: 652.776 GC heap before
{Heap before GC invocations=21 (full 3):
 PSYoungGen      total 181760K, used 181742K [0x00000000d5580000, 0x00000000e3e00000, 0x0000000100000000)
  eden space 164864K, 99% used [0x00000000d5580000,0x00000000df67e030,0x00000000df680000)
  from space 16896K, 99% used [0x00000000df680000,0x00000000e06fdaf8,0x00000000e0700000)
  to   space 22528K, 0% used [0x00000000e2800000,0x00000000e2800000,0x00000000e3e00000)
 ParOldGen       total 73216K, used 42003K [0x0000000080000000, 0x0000000084780000, 0x00000000d5580000)
  object space 73216K, 57% used [0x0000000080000000,0x0000000082904d28,0x0000000084780000)
 Metaspace       used 80656K, capacity 83952K, committed 84120K, reserved 1122304K
  class space    used 10677K, capacity 11356K, committed 11432K, reserved 1048576K
Event: 653.854 GC heap after
Heap after GC invocations=21 (full 3):
 PSYoungGen      total 208896K, used 22519K [0x00000000d5580000, 0x00000000e4700000, 0x0000000100000000)
  eden space 186368K, 0% used [0x00000000d5580000,0x00000000d5580000,0x00000000e0b80000)
  from space 22528K, 99% used [0x00000000e2800000,0x00000000e3dfdfb8,0x00000000e3e00000)
  to   space 29184K, 0% used [0x00000000e0b80000,0x00000000e0b80000,0x00000000e2800000)
 ParOldGen       total 73216K, used 50892K [0x0000000080000000, 0x0000000084780000, 0x00000000d5580000)
  object space 73216K, 69% used [0x0000000080000000,0x00000000831b32f8,0x0000000084780000)
 Metaspace       used 80656K, capacity 83952K, committed 84120K, reserved 1122304K
  class space    used 10677K, capacity 11356K, committed 11432K, reserved 1048576K
}
Event: 3230.196 GC heap before
{Heap before GC invocations=22 (full 3):
 PSYoungGen      total 208896K, used 208887K [0x00000000d5580000, 0x00000000e4700000, 0x0000000100000000)
  eden space 186368K, 100% used [0x00000000d5580000,0x00000000e0b80000,0x00000000e0b80000)
  from space 22528K, 99% used [0x00000000e2800000,0x00000000e3dfdfb8,0x00000000e3e00000)
  to   space 29184K, 0% used [0x00000000e0b80000,0x00000000e0b80000,0x00000000e2800000)
 ParOldGen       total 73216K, used 50892K [0x0000000080000000, 0x0000000084780000, 0x00000000d5580000)
  object space 73216K, 69% used [0x0000000080000000,0x00000000831b32f8,0x0000000084780000)
 Metaspace       used 82840K, capacity 86576K, committed 86808K, reserved 1124352K
  class space    used 10938K, capacity 11740K, committed 11816K, reserved 1048576K
Event: 3230.396 GC heap after
Heap after GC invocations=22 (full 3):
 PSYoungGen      total 215552K, used 12147K [0x00000000d5580000, 0x00000000e5880000, 0x0000000100000000)
  eden space 186368K, 0% used [0x00000000d5580000,0x00000000d5580000,0x00000000e0b80000)
  from space 29184K, 41% used [0x00000000e0b80000,0x00000000e175cdf0,0x00000000e2800000)
  to   space 28160K, 0% used [0x00000000e3d00000,0x00000000e3d00000,0x00000000e5880000)
 ParOldGen       total 73216K, used 66303K [0x0000000080000000, 0x0000000084780000, 0x00000000d5580000)
  object space 73216K, 90% used [0x0000000080000000,0x00000000840bfde8,0x0000000084780000)
 Metaspace       used 82840K, capacity 86576K, committed 86808K, reserved 1124352K
  class space    used 10938K, capacity 11740K, committed 11816K, reserved 1048576K
}
Event: 3230.397 GC heap before
{Heap before GC invocations=23 (full 4):
 PSYoungGen      total 215552K, used 12147K [0x00000000d5580000, 0x00000000e5880000, 0x0000000100000000)
  eden space 186368K, 0% used [0x00000000d5580000,0x00000000d5580000,0x00000000e0b80000)
  from space 29184K, 41% used [0x00000000e0b80000,0x00000000e175cdf0,0x00000000e2800000)
  to   space 28160K, 0% used [0x00000000e3d00000,0x00000000e3d00000,0x00000000e5880000)
 ParOldGen       total 73216K, used 66303K [0x0000000080000000, 0x0000000084780000, 0x00000000d5580000)
  object space 73216K, 90% used [0x0000000080000000,0x00000000840bfde8,0x0000000084780000)
 Metaspace       used 82840K, capacity 86576K, committed 86808K, reserved 1124352K
  class space    used 10938K, capacity 11740K, committed 11816K, reserved 1048576K
Event: 3232.214 GC heap after
Heap after GC invocations=23 (full 4):
 PSYoungGen      total 215552K, used 0K [0x00000000d5580000, 0x00000000e5880000, 0x0000000100000000)
  eden space 186368K, 0% used [0x00000000d5580000,0x00000000d5580000,0x00000000e0b80000)
  from space 29184K, 0% used [0x00000000e0b80000,0x00000000e0b80000,0x00000000e2800000)
  to   space 28160K, 0% used [0x00000000e3d00000,0x00000000e3d00000,0x00000000e5880000)
 ParOldGen       total 101888K, used 45647K [0x0000000080000000, 0x0000000086380000, 0x00000000d5580000)
  object space 101888K, 44% used [0x0000000080000000,0x0000000082c93f50,0x0000000086380000)
 Metaspace       used 81654K, capacity 84466K, committed 86808K, reserved 1124352K
  class space    used 10707K, capacity 11315K, committed 11816K, reserved 1048576K
}
Event: 3247.569 GC heap before
{Heap before GC invocations=24 (full 4):
 PSYoungGen      total 215552K, used 186368K [0x00000000d5580000, 0x00000000e5880000, 0x0000000100000000)
  eden space 186368K, 100% used [0x00000000d5580000,0x00000000e0b80000,0x00000000e0b80000)
  from space 29184K, 0% used [0x00000000e0b80000,0x00000000e0b80000,0x00000000e2800000)
  to   space 28160K, 0% used [0x00000000e3d00000,0x00000000e3d00000,0x00000000e5880000)
 ParOldGen       total 101888K, used 45647K [0x0000000080000000, 0x0000000086380000, 0x00000000d5580000)
  object space 101888K, 44% used [0x0000000080000000,0x0000000082c93f50,0x0000000086380000)
 Metaspace       used 84866K, capacity 88006K, committed 89368K, reserved 1126400K
  class space    used 11097K, capacity 11789K, committed 12072K, reserved 1048576K
Event: 3247.618 GC heap after
Heap after GC invocations=24 (full 4):
 PSYoungGen      total 236032K, used 7146K [0x00000000d5580000, 0x00000000e5700000, 0x0000000100000000)
  eden space 209408K, 0% used [0x00000000d5580000,0x00000000d5580000,0x00000000e2200000)
  from space 26624K, 26% used [0x00000000e3d00000,0x00000000e43fa948,0x00000000e5700000)
  to   space 27136K, 0% used [0x00000000e2200000,0x00000000e2200000,0x00000000e3c80000)
 ParOldGen       total 101888K, used 45655K [0x0000000080000000, 0x0000000086380000, 0x00000000d5580000)
  object space 101888K, 44% used [0x0000000080000000,0x0000000082c95f50,0x0000000086380000)
 Metaspace       used 84866K, capacity 88006K, committed 89368K, reserved 1126400K
  class space    used 11097K, capacity 11789K, committed 12072K, reserved 1048576K
}
Event: 3253.701 GC heap before
{Heap before GC invocations=25 (full 4):
 PSYoungGen      total 236032K, used 216554K [0x00000000d5580000, 0x00000000e5700000, 0x0000000100000000)
  eden space 209408K, 100% used [0x00000000d5580000,0x00000000e2200000,0x00000000e2200000)
  from space 26624K, 26% used [0x00000000e3d00000,0x00000000e43fa948,0x00000000e5700000)
  to   space 27136K, 0% used [0x00000000e2200000,0x00000000e2200000,0x00000000e3c80000)
 ParOldGen       total 101888K, used 45655K [0x0000000080000000, 0x0000000086380000, 0x00000000d5580000)
  object space 101888K, 44% used [0x0000000080000000,0x0000000082c95f50,0x0000000086380000)
 Metaspace       used 87744K, capacity 91058K, committed 92312K, reserved 1128448K
  class space    used 11493K, capacity 12189K, committed 12456K, reserved 1048576K
Event: 3255.044 GC heap after
Heap after GC invocations=25 (full 4):
 PSYoungGen      total 236544K, used 27110K [0x00000000d5580000, 0x00000000e9880000, 0x0000000100000000)
  eden space 209408K, 0% used [0x00000000d5580000,0x00000000d5580000,0x00000000e2200000)
  from space 27136K, 99% used [0x00000000e2200000,0x00000000e3c79838,0x00000000e3c80000)
  to   space 32768K, 0% used [0x00000000e7880000,0x00000000e7880000,0x00000000e9880000)
 ParOldGen       total 101888K, used 49523K [0x0000000080000000, 0x0000000086380000, 0x00000000d5580000)
  object space 101888K, 48% used [0x0000000080000000,0x000000008305cc38,0x0000000086380000)
 Metaspace       used 87744K, capacity 91058K, committed 92312K, reserved 1128448K
  class space    used 11493K, capacity 12189K, committed 12456K, reserved 1048576K
}

