# JRE version: OpenJDK Runtime Environment (8.0_242-b01) (build 1.8.0_242-release-1644-b01)
# Java VM: OpenJDK 64-Bit Server VM (25.242-b01 mixed mode windows-amd64 compressed oops)
Heap:
 PSYoungGen      total 246784K, used 48584K [0x00000000d5580000, 0x00000000e8d00000, 0x0000000100000000)
  eden space 203776K, 23% used [0x00000000d5580000,0x00000000d84f20f0,0x00000000e1c80000)
  from space 43008K, 0% used [0x00000000e1c80000,0x00000000e1c80000,0x00000000e4680000)
  to   space 40448K, 0% used [0x00000000e6580000,0x00000000e6580000,0x00000000e8d00000)
 ParOldGen       total 115712K, used 61645K [0x0000000080000000, 0x0000000087100000, 0x00000000d5580000)
  object space 115712K, 53% used [0x0000000080000000,0x0000000083c336c8,0x0000000087100000)
 Metaspace       used 84770K, capacity 88978K, committed 89128K, reserved 1126400K
  class space    used 11251K, capacity 12080K, committed 12080K, reserved 1048576K
GC Heap History (10 events):
Event: 68.205 GC heap before
{Heap before GC invocations=21 (full 3):
 PSYoungGen      total 222208K, used 197865K [0x00000000d5580000, 0x00000000e6100000, 0x0000000100000000)
  eden space 194048K, 100% used [0x00000000d5580000,0x00000000e1300000,0x00000000e1300000)
  from space 28160K, 13% used [0x00000000e1300000,0x00000000e16ba658,0x00000000e2e80000)
  to   space 27136K, 0% used [0x00000000e4680000,0x00000000e4680000,0x00000000e6100000)
 ParOldGen       total 72192K, used 57760K [0x0000000080000000, 0x0000000084680000, 0x00000000d5580000)
  object space 72192K, 80% used [0x0000000080000000,0x00000000838680e8,0x0000000084680000)
 Metaspace       used 73907K, capacity 77666K, committed 77864K, reserved 1116160K
  class space    used 10004K, capacity 10720K, committed 10800K, reserved 1048576K
Event: 68.827 GC heap after
Heap after GC invocations=21 (full 3):
 PSYoungGen      total 230912K, used 27114K [0x00000000d5580000, 0x00000000e9080000, 0x0000000100000000)
  eden space 203776K, 0% used [0x00000000d5580000,0x00000000d5580000,0x00000000e1c80000)
  from space 27136K, 99% used [0x00000000e4680000,0x00000000e60fabf8,0x00000000e6100000)
  to   space 43008K, 0% used [0x00000000e1c80000,0x00000000e1c80000,0x00000000e4680000)
 ParOldGen       total 87552K, used 86967K [0x0000000080000000, 0x0000000085580000, 0x00000000d5580000)
  object space 87552K, 99% used [0x0000000080000000,0x00000000854edd90,0x0000000085580000)
 Metaspace       used 73907K, capacity 77666K, committed 77864K, reserved 1116160K
  class space    used 10004K, capacity 10720K, committed 10800K, reserved 1048576K
}
Event: 68.827 GC heap before
{Heap before GC invocations=22 (full 4):
 PSYoungGen      total 230912K, used 27114K [0x00000000d5580000, 0x00000000e9080000, 0x0000000100000000)
  eden space 203776K, 0% used [0x00000000d5580000,0x00000000d5580000,0x00000000e1c80000)
  from space 27136K, 99% used [0x00000000e4680000,0x00000000e60fabf8,0x00000000e6100000)
  to   space 43008K, 0% used [0x00000000e1c80000,0x00000000e1c80000,0x00000000e4680000)
 ParOldGen       total 87552K, used 86967K [0x0000000080000000, 0x0000000085580000, 0x00000000d5580000)
  object space 87552K, 99% used [0x0000000080000000,0x00000000854edd90,0x0000000085580000)
 Metaspace       used 73907K, capacity 77666K, committed 77864K, reserved 1116160K
  class space    used 10004K, capacity 10720K, committed 10800K, reserved 1048576K
Event: 71.838 GC heap after
Heap after GC invocations=22 (full 4):
 PSYoungGen      total 230912K, used 14807K [0x00000000d5580000, 0x00000000e9080000, 0x0000000100000000)
  eden space 203776K, 0% used [0x00000000d5580000,0x00000000d5580000,0x00000000e1c80000)
  from space 27136K, 54% used [0x00000000e4680000,0x00000000e54f5c90,0x00000000e6100000)
  to   space 43008K, 0% used [0x00000000e1c80000,0x00000000e1c80000,0x00000000e4680000)
 ParOldGen       total 87552K, used 87219K [0x0000000080000000, 0x0000000085580000, 0x00000000d5580000)
  object space 87552K, 99% used [0x0000000080000000,0x000000008552cef0,0x0000000085580000)
 Metaspace       used 73890K, capacity 77622K, committed 77864K, reserved 1116160K
  class space    used 10000K, capacity 10712K, committed 10800K, reserved 1048576K
}
Event: 79.267 GC heap before
{Heap before GC invocations=23 (full 5):
 PSYoungGen      total 230912K, used 218583K [0x00000000d5580000, 0x00000000e9080000, 0x0000000100000000)
  eden space 203776K, 100% used [0x00000000d5580000,0x00000000e1c80000,0x00000000e1c80000)
  from space 27136K, 54% used [0x00000000e4680000,0x00000000e54f5c90,0x00000000e6100000)
  to   space 43008K, 0% used [0x00000000e1c80000,0x00000000e1c80000,0x00000000e4680000)
 ParOldGen       total 87552K, used 87219K [0x0000000080000000, 0x0000000085580000, 0x00000000d5580000)
  object space 87552K, 99% used [0x0000000080000000,0x000000008552cef0,0x0000000085580000)
 Metaspace       used 77144K, capacity 80962K, committed 81192K, reserved 1120256K
  class space    used 10436K, capacity 11190K, committed 11312K, reserved 1048576K
Event: 79.616 GC heap after
Heap after GC invocations=23 (full 5):
 PSYoungGen      total 230912K, used 0K [0x00000000d5580000, 0x00000000e9080000, 0x0000000100000000)
  eden space 203776K, 0% used [0x00000000d5580000,0x00000000d5580000,0x00000000e1c80000)
  from space 27136K, 0% used [0x00000000e4680000,0x00000000e4680000,0x00000000e6100000)
  to   space 43008K, 0% used [0x00000000e1c80000,0x00000000e1c80000,0x00000000e4680000)
 ParOldGen       total 115712K, used 51009K [0x0000000080000000, 0x0000000087100000, 0x00000000d5580000)
  object space 115712K, 44% used [0x0000000080000000,0x00000000831d06e0,0x0000000087100000)
 Metaspace       used 77144K, capacity 80962K, committed 81192K, reserved 1120256K
  class space    used 10436K, capacity 11190K, committed 11312K, reserved 1048576K
}
Event: 84.840 GC heap before
{Heap before GC invocations=24 (full 5):
 PSYoungGen      total 230912K, used 107779K [0x00000000d5580000, 0x00000000e9080000, 0x0000000100000000)
  eden space 203776K, 52% used [0x00000000d5580000,0x00000000dbec0d88,0x00000000e1c80000)
  from space 27136K, 0% used [0x00000000e4680000,0x00000000e4680000,0x00000000e6100000)
  to   space 43008K, 0% used [0x00000000e1c80000,0x00000000e1c80000,0x00000000e4680000)
 ParOldGen       total 115712K, used 51009K [0x0000000080000000, 0x0000000087100000, 0x00000000d5580000)
  object space 115712K, 44% used [0x0000000080000000,0x00000000831d06e0,0x0000000087100000)
 Metaspace       used 83371K, capacity 87426K, committed 87592K, reserved 1128448K
  class space    used 11186K, capacity 12004K, committed 12080K, reserved 1048576K
Event: 84.909 GC heap after
Heap after GC invocations=24 (full 5):
 PSYoungGen      total 246784K, used 15524K [0x00000000d5580000, 0x00000000e8d00000, 0x0000000100000000)
  eden space 203776K, 0% used [0x00000000d5580000,0x00000000d5580000,0x00000000e1c80000)
  from space 43008K, 36% used [0x00000000e1c80000,0x00000000e2ba90b8,0x00000000e4680000)
  to   space 40448K, 0% used [0x00000000e6580000,0x00000000e6580000,0x00000000e8d00000)
 ParOldGen       total 115712K, used 51017K [0x0000000080000000, 0x0000000087100000, 0x00000000d5580000)
  object space 115712K, 44% used [0x0000000080000000,0x00000000831d26e0,0x0000000087100000)
 Metaspace       used 83371K, capacity 87426K, committed 87592K, reserved 1128448K
  class space    used 11186K, capacity 12004K, committed 12080K, reserved 1048576K
}
Event: 84.909 GC heap before
{Heap before GC invocations=25 (full 6):
 PSYoungGen      total 246784K, used 15524K [0x00000000d5580000, 0x00000000e8d00000, 0x0000000100000000)
  eden space 203776K, 0% used [0x00000000d5580000,0x00000000d5580000,0x00000000e1c80000)
  from space 43008K, 36% used [0x00000000e1c80000,0x00000000e2ba90b8,0x00000000e4680000)
  to   space 40448K, 0% used [0x00000000e6580000,0x00000000e6580000,0x00000000e8d00000)
 ParOldGen       total 115712K, used 51017K [0x0000000080000000, 0x0000000087100000, 0x00000000d5580000)
  object space 115712K, 44% used [0x0000000080000000,0x00000000831d26e0,0x0000000087100000)
 Metaspace       used 83371K, capacity 87426K, committed 87592K, reserved 1128448K
  class space    used 11186K, capacity 12004K, committed 12080K, reserved 1048576K
Event: 85.543 GC heap after
Heap after GC invocations=25 (full 6):
 PSYoungGen      total 246784K, used 0K [0x00000000d5580000, 0x00000000e8d00000, 0x0000000100000000)
  eden space 203776K, 0% used [0x00000000d5580000,0x00000000d5580000,0x00000000e1c80000)
  from space 43008K, 0% used [0x00000000e1c80000,0x00000000e1c80000,0x00000000e4680000)
  to   space 40448K, 0% used [0x00000000e6580000,0x00000000e6580000,0x00000000e8d00000)
 ParOldGen       total 115712K, used 61645K [0x0000000080000000, 0x0000000087100000, 0x00000000d5580000)
  object space 115712K, 53% used [0x0000000080000000,0x0000000083c336c8,0x0000000087100000)
 Metaspace       used 83371K, capacity 87426K, committed 87592K, reserved 1126400K
  class space    used 11186K, capacity 12004K, committed 12080K, reserved 1048576K
}

