# JRE version: OpenJDK Runtime Environment (8.0_242-b01) (build 1.8.0_242-release-1644-b01)
# Java VM: OpenJDK 64-Bit Server VM (25.242-b01 mixed mode windows-amd64 compressed oops)
Heap:
 PSYoungGen      total 605696K, used 99643K [0x00000000d5580000, 0x00000000fc680000, 0x0000000100000000)
  eden space 585728K, 15% used [0x00000000d5580000,0x00000000daf85ef8,0x00000000f9180000)
  from space 19968K, 37% used [0x00000000fb300000,0x00000000fba48d48,0x00000000fc680000)
  to   space 27136K, 0% used [0x00000000f9180000,0x00000000f9180000,0x00000000fac00000)
 ParOldGen       total 107008K, used 86421K [0x0000000080000000, 0x0000000086880000, 0x00000000d5580000)
  object space 107008K, 80% used [0x0000000080000000,0x00000000854656c0,0x0000000086880000)
 Metaspace       used 89681K, capacity 93949K, committed 94256K, reserved 1130496K
  class space    used 11649K, capacity 12493K, committed 12592K, reserved 1048576K
GC Heap History (10 events):
Event: 127.626 GC heap before
{Heap before GC invocations=32 (full 4):
 PSYoungGen      total 427520K, used 415918K [0x00000000d5580000, 0x00000000f4080000, 0x0000000100000000)
  eden space 402944K, 100% used [0x00000000d5580000,0x00000000edf00000,0x00000000edf00000)
  from space 24576K, 52% used [0x00000000edf00000,0x00000000eebabbb0,0x00000000ef700000)
  to   space 24064K, 0% used [0x00000000f2900000,0x00000000f2900000,0x00000000f4080000)
 ParOldGen       total 107008K, used 83430K [0x0000000080000000, 0x0000000086880000, 0x00000000d5580000)
  object space 107008K, 77% used [0x0000000080000000,0x00000000851799b0,0x0000000086880000)
 Metaspace       used 84569K, capacity 88263K, committed 88496K, reserved 1126400K
  class space    used 11182K, capacity 11887K, committed 11952K, reserved 1048576K
Event: 127.825 GC heap after
Heap after GC invocations=32 (full 4):
 PSYoungGen      total 476160K, used 20807K [0x00000000d5580000, 0x00000000f4880000, 0x0000000100000000)
  eden space 452096K, 0% used [0x00000000d5580000,0x00000000d5580000,0x00000000f0f00000)
  from space 24064K, 86% used [0x00000000f2900000,0x00000000f3d51f00,0x00000000f4080000)
  to   space 26624K, 0% used [0x00000000f0f00000,0x00000000f0f00000,0x00000000f2900000)
 ParOldGen       total 107008K, used 83430K [0x0000000080000000, 0x0000000086880000, 0x00000000d5580000)
  object space 107008K, 77% used [0x0000000080000000,0x00000000851799b0,0x0000000086880000)
 Metaspace       used 84569K, capacity 88263K, committed 88496K, reserved 1126400K
  class space    used 11182K, capacity 11887K, committed 11952K, reserved 1048576K
}
Event: 134.095 GC heap before
{Heap before GC invocations=33 (full 4):
 PSYoungGen      total 476160K, used 472903K [0x00000000d5580000, 0x00000000f4880000, 0x0000000100000000)
  eden space 452096K, 100% used [0x00000000d5580000,0x00000000f0f00000,0x00000000f0f00000)
  from space 24064K, 86% used [0x00000000f2900000,0x00000000f3d51f00,0x00000000f4080000)
  to   space 26624K, 0% used [0x00000000f0f00000,0x00000000f0f00000,0x00000000f2900000)
 ParOldGen       total 107008K, used 83430K [0x0000000080000000, 0x0000000086880000, 0x00000000d5580000)
  object space 107008K, 77% used [0x0000000080000000,0x00000000851799b0,0x0000000086880000)
 Metaspace       used 84577K, capacity 88267K, committed 88496K, reserved 1126400K
  class space    used 11182K, capacity 11887K, committed 11952K, reserved 1048576K
Event: 134.225 GC heap after
Heap after GC invocations=33 (full 4):
 PSYoungGen      total 478720K, used 19203K [0x00000000d5580000, 0x00000000f8180000, 0x0000000100000000)
  eden space 452096K, 0% used [0x00000000d5580000,0x00000000d5580000,0x00000000f0f00000)
  from space 26624K, 72% used [0x00000000f0f00000,0x00000000f21c0e60,0x00000000f2900000)
  to   space 28160K, 0% used [0x00000000f6600000,0x00000000f6600000,0x00000000f8180000)
 ParOldGen       total 107008K, used 83430K [0x0000000080000000, 0x0000000086880000, 0x00000000d5580000)
  object space 107008K, 77% used [0x0000000080000000,0x00000000851799b0,0x0000000086880000)
 Metaspace       used 84577K, capacity 88267K, committed 88496K, reserved 1126400K
  class space    used 11182K, capacity 11887K, committed 11952K, reserved 1048576K
}
Event: 141.298 GC heap before
{Heap before GC invocations=34 (full 4):
 PSYoungGen      total 478720K, used 471299K [0x00000000d5580000, 0x00000000f8180000, 0x0000000100000000)
  eden space 452096K, 100% used [0x00000000d5580000,0x00000000f0f00000,0x00000000f0f00000)
  from space 26624K, 72% used [0x00000000f0f00000,0x00000000f21c0e60,0x00000000f2900000)
  to   space 28160K, 0% used [0x00000000f6600000,0x00000000f6600000,0x00000000f8180000)
 ParOldGen       total 107008K, used 83430K [0x0000000080000000, 0x0000000086880000, 0x00000000d5580000)
  object space 107008K, 77% used [0x0000000080000000,0x00000000851799b0,0x0000000086880000)
 Metaspace       used 84608K, capacity 88331K, committed 88496K, reserved 1126400K
  class space    used 11182K, capacity 11887K, committed 11952K, reserved 1048576K
Event: 141.536 GC heap after
Heap after GC invocations=34 (full 4):
 PSYoungGen      total 542208K, used 14163K [0x00000000d5580000, 0x00000000f8380000, 0x0000000100000000)
  eden space 514048K, 0% used [0x00000000d5580000,0x00000000d5580000,0x00000000f4b80000)
  from space 28160K, 50% used [0x00000000f6600000,0x00000000f73d4c60,0x00000000f8180000)
  to   space 27136K, 0% used [0x00000000f4b80000,0x00000000f4b80000,0x00000000f6600000)
 ParOldGen       total 107008K, used 83430K [0x0000000080000000, 0x0000000086880000, 0x00000000d5580000)
  object space 107008K, 77% used [0x0000000080000000,0x00000000851799b0,0x0000000086880000)
 Metaspace       used 84608K, capacity 88331K, committed 88496K, reserved 1126400K
  class space    used 11182K, capacity 11887K, committed 11952K, reserved 1048576K
}
Event: 147.562 GC heap before
{Heap before GC invocations=35 (full 4):
 PSYoungGen      total 542208K, used 528211K [0x00000000d5580000, 0x00000000f8380000, 0x0000000100000000)
  eden space 514048K, 100% used [0x00000000d5580000,0x00000000f4b80000,0x00000000f4b80000)
  from space 28160K, 50% used [0x00000000f6600000,0x00000000f73d4c60,0x00000000f8180000)
  to   space 27136K, 0% used [0x00000000f4b80000,0x00000000f4b80000,0x00000000f6600000)
 ParOldGen       total 107008K, used 83430K [0x0000000080000000, 0x0000000086880000, 0x00000000d5580000)
  object space 107008K, 77% used [0x0000000080000000,0x00000000851799b0,0x0000000086880000)
 Metaspace       used 84613K, capacity 88331K, committed 88496K, reserved 1126400K
  class space    used 11182K, capacity 11887K, committed 11952K, reserved 1048576K
Event: 147.770 GC heap after
Heap after GC invocations=35 (full 4):
 PSYoungGen      total 541184K, used 17747K [0x00000000d5580000, 0x00000000fce80000, 0x0000000100000000)
  eden space 514048K, 0% used [0x00000000d5580000,0x00000000d5580000,0x00000000f4b80000)
  from space 27136K, 65% used [0x00000000f4b80000,0x00000000f5cd4d48,0x00000000f6600000)
  to   space 28160K, 0% used [0x00000000fb300000,0x00000000fb300000,0x00000000fce80000)
 ParOldGen       total 107008K, used 84590K [0x0000000080000000, 0x0000000086880000, 0x00000000d5580000)
  object space 107008K, 79% used [0x0000000080000000,0x000000008529b9b0,0x0000000086880000)
 Metaspace       used 84613K, capacity 88331K, committed 88496K, reserved 1126400K
  class space    used 11182K, capacity 11887K, committed 11952K, reserved 1048576K
}
Event: 155.357 GC heap before
{Heap before GC invocations=36 (full 4):
 PSYoungGen      total 541184K, used 531795K [0x00000000d5580000, 0x00000000fce80000, 0x0000000100000000)
  eden space 514048K, 100% used [0x00000000d5580000,0x00000000f4b80000,0x00000000f4b80000)
  from space 27136K, 65% used [0x00000000f4b80000,0x00000000f5cd4d48,0x00000000f6600000)
  to   space 28160K, 0% used [0x00000000fb300000,0x00000000fb300000,0x00000000fce80000)
 ParOldGen       total 107008K, used 84590K [0x0000000080000000, 0x0000000086880000, 0x00000000d5580000)
  object space 107008K, 79% used [0x0000000080000000,0x000000008529b9b0,0x0000000086880000)
 Metaspace       used 85710K, capacity 89571K, committed 89648K, reserved 1126400K
  class space    used 11301K, capacity 12053K, committed 12080K, reserved 1048576K
Event: 155.443 GC heap after
Heap after GC invocations=36 (full 4):
 PSYoungGen      total 605696K, used 7459K [0x00000000d5580000, 0x00000000fc680000, 0x0000000100000000)
  eden space 585728K, 0% used [0x00000000d5580000,0x00000000d5580000,0x00000000f9180000)
  from space 19968K, 37% used [0x00000000fb300000,0x00000000fba48d48,0x00000000fc680000)
  to   space 27136K, 0% used [0x00000000f9180000,0x00000000f9180000,0x00000000fac00000)
 ParOldGen       total 107008K, used 86421K [0x0000000080000000, 0x0000000086880000, 0x00000000d5580000)
  object space 107008K, 80% used [0x0000000080000000,0x00000000854656c0,0x0000000086880000)
 Metaspace       used 85710K, capacity 89571K, committed 89648K, reserved 1126400K
  class space    used 11301K, capacity 12053K, committed 12080K, reserved 1048576K
}

