# JRE version: OpenJDK Runtime Environment (8.0_242-b01) (build 1.8.0_242-release-1644-b01)
# Java VM: OpenJDK 64-Bit Server VM (25.242-b01 mixed mode windows-amd64 compressed oops)
Heap:
 PSYoungGen      total 340480K, used 256052K [0x00000000d5580000, 0x00000000ec400000, 0x0000000100000000)
  eden space 318976K, 80% used [0x00000000d5580000,0x00000000e4f53cd8,0x00000000e8d00000)
  from space 21504K, 1% used [0x00000000eaf00000,0x00000000eaf394b0,0x00000000ec400000)
  to   space 28160K, 0% used [0x00000000e8d00000,0x00000000e8d00000,0x00000000ea880000)
 ParOldGen       total 58880K, used 58876K [0x0000000080000000, 0x0000000083980000, 0x00000000d5580000)
  object space 58880K, 99% used [0x0000000080000000,0x000000008397f098,0x0000000083980000)
 Metaspace       used 85362K, capacity 89115K, committed 89256K, reserved 1126400K
  class space    used 11079K, capacity 11891K, committed 11944K, reserved 1048576K
GC Heap History (10 events):
Event: 44.687 GC heap before
{Heap before GC invocations=18 (full 3):
 PSYoungGen      total 188416K, used 160K [0x00000000d5580000, 0x00000000e7500000, 0x0000000100000000)
  eden space 168960K, 0% used [0x00000000d5580000,0x00000000d5580000,0x00000000dfa80000)
  from space 19456K, 0% used [0x00000000dfa80000,0x00000000dfaa8000,0x00000000e0d80000)
  to   space 19456K, 0% used [0x00000000e6200000,0x00000000e6200000,0x00000000e7500000)
 ParOldGen       total 37888K, used 37436K [0x0000000080000000, 0x0000000082500000, 0x00000000d5580000)
  object space 37888K, 98% used [0x0000000080000000,0x000000008248f108,0x0000000082500000)
 Metaspace       used 56932K, capacity 59097K, committed 59160K, reserved 1099776K
  class space    used 7617K, capacity 8104K, committed 8104K, reserved 1048576K
Event: 46.250 GC heap after
Heap after GC invocations=18 (full 3):
 PSYoungGen      total 188416K, used 0K [0x00000000d5580000, 0x00000000e7500000, 0x0000000100000000)
  eden space 168960K, 0% used [0x00000000d5580000,0x00000000d5580000,0x00000000dfa80000)
  from space 19456K, 0% used [0x00000000dfa80000,0x00000000dfa80000,0x00000000e0d80000)
  to   space 19456K, 0% used [0x00000000e6200000,0x00000000e6200000,0x00000000e7500000)
 ParOldGen       total 58880K, used 30351K [0x0000000080000000, 0x0000000083980000, 0x00000000d5580000)
  object space 58880K, 51% used [0x0000000080000000,0x0000000081da3cb8,0x0000000083980000)
 Metaspace       used 56901K, capacity 59003K, committed 59160K, reserved 1099776K
  class space    used 7609K, capacity 8095K, committed 8104K, reserved 1048576K
}
Event: 57.434 GC heap before
{Heap before GC invocations=19 (full 3):
 PSYoungGen      total 188416K, used 168960K [0x00000000d5580000, 0x00000000e7500000, 0x0000000100000000)
  eden space 168960K, 100% used [0x00000000d5580000,0x00000000dfa80000,0x00000000dfa80000)
  from space 19456K, 0% used [0x00000000dfa80000,0x00000000dfa80000,0x00000000e0d80000)
  to   space 19456K, 0% used [0x00000000e6200000,0x00000000e6200000,0x00000000e7500000)
 ParOldGen       total 58880K, used 30351K [0x0000000080000000, 0x0000000083980000, 0x00000000d5580000)
  object space 58880K, 51% used [0x0000000080000000,0x0000000081da3cb8,0x0000000083980000)
 Metaspace       used 65267K, capacity 67603K, committed 67752K, reserved 1107968K
  class space    used 8853K, capacity 9351K, committed 9384K, reserved 1048576K
Event: 57.652 GC heap after
Heap after GC invocations=19 (full 3):
 PSYoungGen      total 266752K, used 13606K [0x00000000d5580000, 0x00000000e7280000, 0x0000000100000000)
  eden space 249856K, 0% used [0x00000000d5580000,0x00000000d5580000,0x00000000e4980000)
  from space 16896K, 80% used [0x00000000e6200000,0x00000000e6f49a70,0x00000000e7280000)
  to   space 20992K, 0% used [0x00000000e4980000,0x00000000e4980000,0x00000000e5e00000)
 ParOldGen       total 58880K, used 30359K [0x0000000080000000, 0x0000000083980000, 0x00000000d5580000)
  object space 58880K, 51% used [0x0000000080000000,0x0000000081da5cb8,0x0000000083980000)
 Metaspace       used 65267K, capacity 67603K, committed 67752K, reserved 1107968K
  class space    used 8853K, capacity 9351K, committed 9384K, reserved 1048576K
}
Event: 84.465 GC heap before
{Heap before GC invocations=20 (full 3):
 PSYoungGen      total 266752K, used 263462K [0x00000000d5580000, 0x00000000e7280000, 0x0000000100000000)
  eden space 249856K, 100% used [0x00000000d5580000,0x00000000e4980000,0x00000000e4980000)
  from space 16896K, 80% used [0x00000000e6200000,0x00000000e6f49a70,0x00000000e7280000)
  to   space 20992K, 0% used [0x00000000e4980000,0x00000000e4980000,0x00000000e5e00000)
 ParOldGen       total 58880K, used 30359K [0x0000000080000000, 0x0000000083980000, 0x00000000d5580000)
  object space 58880K, 51% used [0x0000000080000000,0x0000000081da5cb8,0x0000000083980000)
 Metaspace       used 77495K, capacity 80709K, committed 80936K, reserved 1120256K
  class space    used 10371K, capacity 11039K, committed 11048K, reserved 1048576K
Event: 84.650 GC heap after
Heap after GC invocations=20 (full 3):
 PSYoungGen      total 270848K, used 20960K [0x00000000d5580000, 0x00000000ecb00000, 0x0000000100000000)
  eden space 249856K, 0% used [0x00000000d5580000,0x00000000d5580000,0x00000000e4980000)
  from space 20992K, 99% used [0x00000000e4980000,0x00000000e5df8078,0x00000000e5e00000)
  to   space 28672K, 0% used [0x00000000eaf00000,0x00000000eaf00000,0x00000000ecb00000)
 ParOldGen       total 58880K, used 40141K [0x0000000080000000, 0x0000000083980000, 0x00000000d5580000)
  object space 58880K, 68% used [0x0000000080000000,0x0000000082733738,0x0000000083980000)
 Metaspace       used 77495K, capacity 80709K, committed 80936K, reserved 1120256K
  class space    used 10371K, capacity 11039K, committed 11048K, reserved 1048576K
}
Event: 1121.348 GC heap before
{Heap before GC invocations=21 (full 3):
 PSYoungGen      total 270848K, used 270816K [0x00000000d5580000, 0x00000000ecb00000, 0x0000000100000000)
  eden space 249856K, 100% used [0x00000000d5580000,0x00000000e4980000,0x00000000e4980000)
  from space 20992K, 99% used [0x00000000e4980000,0x00000000e5df8078,0x00000000e5e00000)
  to   space 28672K, 0% used [0x00000000eaf00000,0x00000000eaf00000,0x00000000ecb00000)
 ParOldGen       total 58880K, used 40141K [0x0000000080000000, 0x0000000083980000, 0x00000000d5580000)
  object space 58880K, 68% used [0x0000000080000000,0x0000000082733738,0x0000000083980000)
 Metaspace       used 83282K, capacity 87013K, committed 87208K, reserved 1124352K
  class space    used 10867K, capacity 11646K, committed 11688K, reserved 1048576K
Event: 1123.407 GC heap after
Heap after GC invocations=21 (full 3):
 PSYoungGen      total 340480K, used 14072K [0x00000000d5580000, 0x00000000ec400000, 0x0000000100000000)
  eden space 318976K, 0% used [0x00000000d5580000,0x00000000d5580000,0x00000000e8d00000)
  from space 21504K, 65% used [0x00000000eaf00000,0x00000000ebcbe238,0x00000000ec400000)
  to   space 28160K, 0% used [0x00000000e8d00000,0x00000000e8d00000,0x00000000ea880000)
 ParOldGen       total 58880K, used 53589K [0x0000000080000000, 0x0000000083980000, 0x00000000d5580000)
  object space 58880K, 91% used [0x0000000080000000,0x00000000834555b8,0x0000000083980000)
 Metaspace       used 83282K, capacity 87013K, committed 87208K, reserved 1124352K
  class space    used 10867K, capacity 11646K, committed 11688K, reserved 1048576K
}
Event: 1123.407 GC heap before
{Heap before GC invocations=22 (full 4):
 PSYoungGen      total 340480K, used 14072K [0x00000000d5580000, 0x00000000ec400000, 0x0000000100000000)
  eden space 318976K, 0% used [0x00000000d5580000,0x00000000d5580000,0x00000000e8d00000)
  from space 21504K, 65% used [0x00000000eaf00000,0x00000000ebcbe238,0x00000000ec400000)
  to   space 28160K, 0% used [0x00000000e8d00000,0x00000000e8d00000,0x00000000ea880000)
 ParOldGen       total 58880K, used 53589K [0x0000000080000000, 0x0000000083980000, 0x00000000d5580000)
  object space 58880K, 91% used [0x0000000080000000,0x00000000834555b8,0x0000000083980000)
 Metaspace       used 83282K, capacity 87013K, committed 87208K, reserved 1124352K
  class space    used 10867K, capacity 11646K, committed 11688K, reserved 1048576K
Event: 1130.997 GC heap after
Heap after GC invocations=22 (full 4):
 PSYoungGen      total 340480K, used 229K [0x00000000d5580000, 0x00000000ec400000, 0x0000000100000000)
  eden space 318976K, 0% used [0x00000000d5580000,0x00000000d5580000,0x00000000e8d00000)
  from space 21504K, 1% used [0x00000000eaf00000,0x00000000eaf394b0,0x00000000ec400000)
  to   space 28160K, 0% used [0x00000000e8d00000,0x00000000e8d00000,0x00000000ea880000)
 ParOldGen       total 58880K, used 58876K [0x0000000080000000, 0x0000000083980000, 0x00000000d5580000)
  object space 58880K, 99% used [0x0000000080000000,0x000000008397f098,0x0000000083980000)
 Metaspace       used 83244K, capacity 86901K, committed 87208K, reserved 1124352K
  class space    used 10856K, capacity 11632K, committed 11688K, reserved 1048576K
}

