# JRE version: OpenJDK Runtime Environment (8.0_242-b01) (build 1.8.0_242-release-1644-b01)
# Java VM: OpenJDK 64-Bit Server VM (25.242-b01 mixed mode windows-amd64 compressed oops)
Heap:
 PSYoungGen      total 486912K, used 34226K [0x00000000d5580000, 0x00000000f5680000, 0x0000000100000000)
  eden space 461824K, 5% used [0x00000000d5580000,0x00000000d6d75e48,0x00000000f1880000)
  from space 25088K, 38% used [0x00000000f3e00000,0x00000000f4776d00,0x00000000f5680000)
  to   space 31744K, 0% used [0x00000000f1880000,0x00000000f1880000,0x00000000f3780000)
 ParOldGen       total 144896K, used 92283K [0x0000000080000000, 0x0000000088d80000, 0x00000000d5580000)
  object space 144896K, 63% used [0x0000000080000000,0x0000000085a1ee88,0x0000000088d80000)
 Metaspace       used 100421K, capacity 104970K, committed 105112K, reserved 1140736K
  class space    used 13052K, capacity 13957K, committed 13976K, reserved 1048576K
GC Heap History (10 events):
Event: 163.922 GC heap before
{Heap before GC invocations=27 (full 5):
 PSYoungGen      total 368640K, used 333968K [0x00000000d5580000, 0x00000000f1a00000, 0x0000000100000000)
  eden space 330752K, 100% used [0x00000000d5580000,0x00000000e9880000,0x00000000e9880000)
  from space 37888K, 8% used [0x00000000e9880000,0x00000000e9ba4010,0x00000000ebd80000)
  to   space 36864K, 0% used [0x00000000ef600000,0x00000000ef600000,0x00000000f1a00000)
 ParOldGen       total 144896K, used 88595K [0x0000000080000000, 0x0000000088d80000, 0x00000000d5580000)
  object space 144896K, 61% used [0x0000000080000000,0x0000000085684e68,0x0000000088d80000)
 Metaspace       used 98767K, capacity 102982K, committed 103192K, reserved 1138688K
  class space    used 12860K, capacity 13715K, committed 13848K, reserved 1048576K
Event: 164.083 GC heap after
Heap after GC invocations=27 (full 5):
 PSYoungGen      total 420352K, used 6864K [0x00000000d5580000, 0x00000000f1580000, 0x0000000100000000)
  eden space 388096K, 0% used [0x00000000d5580000,0x00000000d5580000,0x00000000ed080000)
  from space 32256K, 21% used [0x00000000ef600000,0x00000000efcb4010,0x00000000f1580000)
  to   space 35328K, 0% used [0x00000000ed080000,0x00000000ed080000,0x00000000ef300000)
 ParOldGen       total 144896K, used 88595K [0x0000000080000000, 0x0000000088d80000, 0x00000000d5580000)
  object space 144896K, 61% used [0x0000000080000000,0x0000000085684e68,0x0000000088d80000)
 Metaspace       used 98767K, capacity 102982K, committed 103192K, reserved 1138688K
  class space    used 12860K, capacity 13715K, committed 13848K, reserved 1048576K
}
Event: 172.567 GC heap before
{Heap before GC invocations=28 (full 5):
 PSYoungGen      total 420352K, used 394960K [0x00000000d5580000, 0x00000000f1580000, 0x0000000100000000)
  eden space 388096K, 100% used [0x00000000d5580000,0x00000000ed080000,0x00000000ed080000)
  from space 32256K, 21% used [0x00000000ef600000,0x00000000efcb4010,0x00000000f1580000)
  to   space 35328K, 0% used [0x00000000ed080000,0x00000000ed080000,0x00000000ef300000)
 ParOldGen       total 144896K, used 88595K [0x0000000080000000, 0x0000000088d80000, 0x00000000d5580000)
  object space 144896K, 61% used [0x0000000080000000,0x0000000085684e68,0x0000000088d80000)
 Metaspace       used 99523K, capacity 103802K, committed 103960K, reserved 1138688K
  class space    used 12955K, capacity 13815K, committed 13848K, reserved 1048576K
Event: 173.140 GC heap after
Heap after GC invocations=28 (full 5):
 PSYoungGen      total 423424K, used 12147K [0x00000000d5580000, 0x00000000f5e80000, 0x0000000100000000)
  eden space 388096K, 0% used [0x00000000d5580000,0x00000000d5580000,0x00000000ed080000)
  from space 35328K, 34% used [0x00000000ed080000,0x00000000edc5cf98,0x00000000ef300000)
  to   space 33280K, 0% used [0x00000000f3e00000,0x00000000f3e00000,0x00000000f5e80000)
 ParOldGen       total 144896K, used 88603K [0x0000000080000000, 0x0000000088d80000, 0x00000000d5580000)
  object space 144896K, 61% used [0x0000000080000000,0x0000000085686e68,0x0000000088d80000)
 Metaspace       used 99523K, capacity 103802K, committed 103960K, reserved 1138688K
  class space    used 12955K, capacity 13815K, committed 13848K, reserved 1048576K
}
Event: 182.810 GC heap before
{Heap before GC invocations=29 (full 5):
 PSYoungGen      total 423424K, used 400243K [0x00000000d5580000, 0x00000000f5e80000, 0x0000000100000000)
  eden space 388096K, 100% used [0x00000000d5580000,0x00000000ed080000,0x00000000ed080000)
  from space 35328K, 34% used [0x00000000ed080000,0x00000000edc5cf98,0x00000000ef300000)
  to   space 33280K, 0% used [0x00000000f3e00000,0x00000000f3e00000,0x00000000f5e80000)
 ParOldGen       total 144896K, used 88603K [0x0000000080000000, 0x0000000088d80000, 0x00000000d5580000)
  object space 144896K, 61% used [0x0000000080000000,0x0000000085686e68,0x0000000088d80000)
 Metaspace       used 100315K, capacity 104852K, committed 105112K, reserved 1140736K
  class space    used 13050K, capacity 13954K, committed 13976K, reserved 1048576K
Event: 182.979 GC heap after
Heap after GC invocations=29 (full 5):
 PSYoungGen      total 486912K, used 8386K [0x00000000d5580000, 0x00000000f5680000, 0x0000000100000000)
  eden space 461824K, 0% used [0x00000000d5580000,0x00000000d5580000,0x00000000f1880000)
  from space 25088K, 33% used [0x00000000f3e00000,0x00000000f46309d0,0x00000000f5680000)
  to   space 31744K, 0% used [0x00000000f1880000,0x00000000f1880000,0x00000000f3780000)
 ParOldGen       total 144896K, used 90411K [0x0000000080000000, 0x0000000088d80000, 0x00000000d5580000)
  object space 144896K, 62% used [0x0000000080000000,0x000000008584ae78,0x0000000088d80000)
 Metaspace       used 100315K, capacity 104852K, committed 105112K, reserved 1140736K
  class space    used 13050K, capacity 13954K, committed 13976K, reserved 1048576K
}
Event: 193.802 GC heap before
{Heap before GC invocations=30 (full 5):
 PSYoungGen      total 486912K, used 470210K [0x00000000d5580000, 0x00000000f5680000, 0x0000000100000000)
  eden space 461824K, 100% used [0x00000000d5580000,0x00000000f1880000,0x00000000f1880000)
  from space 25088K, 33% used [0x00000000f3e00000,0x00000000f46309d0,0x00000000f5680000)
  to   space 31744K, 0% used [0x00000000f1880000,0x00000000f1880000,0x00000000f3780000)
 ParOldGen       total 144896K, used 90411K [0x0000000080000000, 0x0000000088d80000, 0x00000000d5580000)
  object space 144896K, 62% used [0x0000000080000000,0x000000008584ae78,0x0000000088d80000)
 Metaspace       used 100363K, capacity 104866K, committed 105112K, reserved 1140736K
  class space    used 13050K, capacity 13955K, committed 13976K, reserved 1048576K
Event: 194.189 GC heap after
Heap after GC invocations=30 (full 5):
 PSYoungGen      total 493568K, used 11967K [0x00000000d5580000, 0x00000000f5680000, 0x0000000100000000)
  eden space 461824K, 0% used [0x00000000d5580000,0x00000000d5580000,0x00000000f1880000)
  from space 31744K, 37% used [0x00000000f1880000,0x00000000f242fcf8,0x00000000f3780000)
  to   space 25088K, 0% used [0x00000000f3e00000,0x00000000f3e00000,0x00000000f5680000)
 ParOldGen       total 144896K, used 90411K [0x0000000080000000, 0x0000000088d80000, 0x00000000d5580000)
  object space 144896K, 62% used [0x0000000080000000,0x000000008584ae78,0x0000000088d80000)
 Metaspace       used 100363K, capacity 104866K, committed 105112K, reserved 1140736K
  class space    used 13050K, capacity 13955K, committed 13976K, reserved 1048576K
}
Event: 203.639 GC heap before
{Heap before GC invocations=31 (full 5):
 PSYoungGen      total 493568K, used 473791K [0x00000000d5580000, 0x00000000f5680000, 0x0000000100000000)
  eden space 461824K, 100% used [0x00000000d5580000,0x00000000f1880000,0x00000000f1880000)
  from space 31744K, 37% used [0x00000000f1880000,0x00000000f242fcf8,0x00000000f3780000)
  to   space 25088K, 0% used [0x00000000f3e00000,0x00000000f3e00000,0x00000000f5680000)
 ParOldGen       total 144896K, used 90411K [0x0000000080000000, 0x0000000088d80000, 0x00000000d5580000)
  object space 144896K, 62% used [0x0000000080000000,0x000000008584ae78,0x0000000088d80000)
 Metaspace       used 100414K, capacity 104970K, committed 105112K, reserved 1140736K
  class space    used 13052K, capacity 13957K, committed 13976K, reserved 1048576K
Event: 203.771 GC heap after
Heap after GC invocations=31 (full 5):
 PSYoungGen      total 486912K, used 9691K [0x00000000d5580000, 0x00000000f5680000, 0x0000000100000000)
  eden space 461824K, 0% used [0x00000000d5580000,0x00000000d5580000,0x00000000f1880000)
  from space 25088K, 38% used [0x00000000f3e00000,0x00000000f4776d00,0x00000000f5680000)
  to   space 31744K, 0% used [0x00000000f1880000,0x00000000f1880000,0x00000000f3780000)
 ParOldGen       total 144896K, used 92283K [0x0000000080000000, 0x0000000088d80000, 0x00000000d5580000)
  object space 144896K, 63% used [0x0000000080000000,0x0000000085a1ee88,0x0000000088d80000)
 Metaspace       used 100414K, capacity 104970K, committed 105112K, reserved 1140736K
  class space    used 13052K, capacity 13957K, committed 13976K, reserved 1048576K
}

